  DXUT.cpp
C:\Program Files (x86)\Microsoft DirectX SDK (June 2010)\Include\dxgitype.h(12,1): warning C4005: 'DXGI_STATUS_OCCLUDED': 매크로 재정의
C:\Program Files (x86)\Windows Kits\10\Include\10.0.19041.0\shared\winerror.h(56388): message : 'DXGI_STATUS_OCCLUDED'의 이전 정의를 참조하십시오.
C:\Program Files (x86)\Microsoft DirectX SDK (June 2010)\Include\dxgitype.h(13,1): warning C4005: 'DXGI_STATUS_CLIPPED': 매크로 재정의
C:\Program Files (x86)\Windows Kits\10\Include\10.0.19041.0\shared\winerror.h(56397): message : 'DXGI_STATUS_CLIPPED'의 이전 정의를 참조하십시오.
C:\Program Files (x86)\Microsoft DirectX SDK (June 2010)\Include\dxgitype.h(14,1): warning C4005: 'DXGI_STATUS_NO_REDIRECTION': 매크로 재정의
C:\Program Files (x86)\Windows Kits\10\Include\10.0.19041.0\shared\winerror.h(56406): message : 'DXGI_STATUS_NO_REDIRECTION'의 이전 정의를 참조하십시오.
C:\Program Files (x86)\Microsoft DirectX SDK (June 2010)\Include\dxgitype.h(15,1): warning C4005: 'DXGI_STATUS_NO_DESKTOP_ACCESS': 매크로 재정의
C:\Program Files (x86)\Windows Kits\10\Include\10.0.19041.0\shared\winerror.h(56415): message : 'DXGI_STATUS_NO_DESKTOP_ACCESS'의 이전 정의를 참조하십시오.
C:\Program Files (x86)\Microsoft DirectX SDK (June 2010)\Include\dxgitype.h(16,1): warning C4005: 'DXGI_STATUS_GRAPHICS_VIDPN_SOURCE_IN_USE': 매크로 재정의
C:\Program Files (x86)\Windows Kits\10\Include\10.0.19041.0\shared\winerror.h(56424): message : 'DXGI_STATUS_GRAPHICS_VIDPN_SOURCE_IN_USE'의 이전 정의를 참조하십시오.
C:\Program Files (x86)\Microsoft DirectX SDK (June 2010)\Include\dxgitype.h(17,1): warning C4005: 'DXGI_STATUS_MODE_CHANGED': 매크로 재정의
C:\Program Files (x86)\Windows Kits\10\Include\10.0.19041.0\shared\winerror.h(56433): message : 'DXGI_STATUS_MODE_CHANGED'의 이전 정의를 참조하십시오.
C:\Program Files (x86)\Microsoft DirectX SDK (June 2010)\Include\dxgitype.h(18,1): warning C4005: 'DXGI_STATUS_MODE_CHANGE_IN_PROGRESS': 매크로 재정의
C:\Program Files (x86)\Windows Kits\10\Include\10.0.19041.0\shared\winerror.h(56442): message : 'DXGI_STATUS_MODE_CHANGE_IN_PROGRESS'의 이전 정의를 참조하십시오.
C:\Program Files (x86)\Microsoft DirectX SDK (June 2010)\Include\dxgitype.h(21,1): warning C4005: 'DXGI_ERROR_INVALID_CALL': 매크로 재정의
C:\Program Files (x86)\Windows Kits\10\Include\10.0.19041.0\shared\winerror.h(56457): message : 'DXGI_ERROR_INVALID_CALL'의 이전 정의를 참조하십시오.
C:\Program Files (x86)\Microsoft DirectX SDK (June 2010)\Include\dxgitype.h(22,1): warning C4005: 'DXGI_ERROR_NOT_FOUND': 매크로 재정의
C:\Program Files (x86)\Windows Kits\10\Include\10.0.19041.0\shared\winerror.h(56466): message : 'DXGI_ERROR_NOT_FOUND'의 이전 정의를 참조하십시오.
C:\Program Files (x86)\Microsoft DirectX SDK (June 2010)\Include\dxgitype.h(23,1): warning C4005: 'DXGI_ERROR_MORE_DATA': 매크로 재정의
C:\Program Files (x86)\Windows Kits\10\Include\10.0.19041.0\shared\winerror.h(56475): message : 'DXGI_ERROR_MORE_DATA'의 이전 정의를 참조하십시오.
C:\Program Files (x86)\Microsoft DirectX SDK (June 2010)\Include\dxgitype.h(24,1): warning C4005: 'DXGI_ERROR_UNSUPPORTED': 매크로 재정의
C:\Program Files (x86)\Windows Kits\10\Include\10.0.19041.0\shared\winerror.h(56484): message : 'DXGI_ERROR_UNSUPPORTED'의 이전 정의를 참조하십시오.
C:\Program Files (x86)\Microsoft DirectX SDK (June 2010)\Include\dxgitype.h(25,1): warning C4005: 'DXGI_ERROR_DEVICE_REMOVED': 매크로 재정의
C:\Program Files (x86)\Windows Kits\10\Include\10.0.19041.0\shared\winerror.h(56493): message : 'DXGI_ERROR_DEVICE_REMOVED'의 이전 정의를 참조하십시오.
C:\Program Files (x86)\Microsoft DirectX SDK (June 2010)\Include\dxgitype.h(26,1): warning C4005: 'DXGI_ERROR_DEVICE_HUNG': 매크로 재정의
C:\Program Files (x86)\Windows Kits\10\Include\10.0.19041.0\shared\winerror.h(56502): message : 'DXGI_ERROR_DEVICE_HUNG'의 이전 정의를 참조하십시오.
C:\Program Files (x86)\Microsoft DirectX SDK (June 2010)\Include\dxgitype.h(27,1): warning C4005: 'DXGI_ERROR_DEVICE_RESET': 매크로 재정의
C:\Program Files (x86)\Windows Kits\10\Include\10.0.19041.0\shared\winerror.h(56512): message : 'DXGI_ERROR_DEVICE_RESET'의 이전 정의를 참조하십시오.
C:\Program Files (x86)\Microsoft DirectX SDK (June 2010)\Include\dxgitype.h(28,1): warning C4005: 'DXGI_ERROR_WAS_STILL_DRAWING': 매크로 재정의
C:\Program Files (x86)\Windows Kits\10\Include\10.0.19041.0\shared\winerror.h(56521): message : 'DXGI_ERROR_WAS_STILL_DRAWING'의 이전 정의를 참조하십시오.
C:\Program Files (x86)\Microsoft DirectX SDK (June 2010)\Include\dxgitype.h(29,1): warning C4005: 'DXGI_ERROR_FRAME_STATISTICS_DISJOINT': 매크로 재정의
C:\Program Files (x86)\Windows Kits\10\Include\10.0.19041.0\shared\winerror.h(56531): message : 'DXGI_ERROR_FRAME_STATISTICS_DISJOINT'의 이전 정의를 참조하십시오.
C:\Program Files (x86)\Microsoft DirectX SDK (June 2010)\Include\dxgitype.h(30,1): warning C4005: 'DXGI_ERROR_GRAPHICS_VIDPN_SOURCE_IN_USE': 매크로 재정의
C:\Program Files (x86)\Windows Kits\10\Include\10.0.19041.0\shared\winerror.h(56540): message : 'DXGI_ERROR_GRAPHICS_VIDPN_SOURCE_IN_USE'의 이전 정의를 참조하십시오.
C:\Program Files (x86)\Microsoft DirectX SDK (June 2010)\Include\dxgitype.h(31,1): warning C4005: 'DXGI_ERROR_DRIVER_INTERNAL_ERROR': 매크로 재정의
C:\Program Files (x86)\Windows Kits\10\Include\10.0.19041.0\shared\winerror.h(56550): message : 'DXGI_ERROR_DRIVER_INTERNAL_ERROR'의 이전 정의를 참조하십시오.
C:\Program Files (x86)\Microsoft DirectX SDK (June 2010)\Include\dxgitype.h(32,1): warning C4005: 'DXGI_ERROR_NONEXCLUSIVE': 매크로 재정의
C:\Program Files (x86)\Windows Kits\10\Include\10.0.19041.0\shared\winerror.h(56559): message : 'DXGI_ERROR_NONEXCLUSIVE'의 이전 정의를 참조하십시오.
C:\Program Files (x86)\Microsoft DirectX SDK (June 2010)\Include\dxgitype.h(33,1): warning C4005: 'DXGI_ERROR_NOT_CURRENTLY_AVAILABLE': 매크로 재정의
C:\Program Files (x86)\Windows Kits\10\Include\10.0.19041.0\shared\winerror.h(56568): message : 'DXGI_ERROR_NOT_CURRENTLY_AVAILABLE'의 이전 정의를 참조하십시오.
C:\Program Files (x86)\Microsoft DirectX SDK (June 2010)\Include\dxgitype.h(34,1): warning C4005: 'DXGI_ERROR_REMOTE_CLIENT_DISCONNECTED': 매크로 재정의
C:\Program Files (x86)\Windows Kits\10\Include\10.0.19041.0\shared\winerror.h(56578): message : 'DXGI_ERROR_REMOTE_CLIENT_DISCONNECTED'의 이전 정의를 참조하십시오.
C:\Program Files (x86)\Microsoft DirectX SDK (June 2010)\Include\dxgitype.h(35,1): warning C4005: 'DXGI_ERROR_REMOTE_OUTOFMEMORY': 매크로 재정의
C:\Program Files (x86)\Windows Kits\10\Include\10.0.19041.0\shared\winerror.h(56587): message : 'DXGI_ERROR_REMOTE_OUTOFMEMORY'의 이전 정의를 참조하십시오.
C:\Program Files (x86)\Microsoft DirectX SDK (June 2010)\Include\d3d10.h(608,1): warning C4005: 'D3D10_ERROR_TOO_MANY_UNIQUE_STATE_OBJECTS': 매크로 재정의
C:\Program Files (x86)\Windows Kits\10\Include\10.0.19041.0\shared\winerror.h(56841): message : 'D3D10_ERROR_TOO_MANY_UNIQUE_STATE_OBJECTS'의 이전 정의를 참조하십시오.
C:\Program Files (x86)\Microsoft DirectX SDK (June 2010)\Include\d3d10.h(609,1): warning C4005: 'D3D10_ERROR_FILE_NOT_FOUND': 매크로 재정의
C:\Program Files (x86)\Windows Kits\10\Include\10.0.19041.0\shared\winerror.h(56850): message : 'D3D10_ERROR_FILE_NOT_FOUND'의 이전 정의를 참조하십시오.
C:\Users\user\Desktop\DirectXSamples\EmptyProject\DXUT\Core\DXUT.cpp(696,131): warning C4838: 'UINT'에서 'LONG'(으)로의 변환에는 축소 변환이 필요합니다.
C:\Users\user\Desktop\DirectXSamples\EmptyProject\DXUT\Core\DXUT.cpp(696,187): warning C4838: 'UINT'에서 'LONG'(으)로의 변환에는 축소 변환이 필요합니다.
C:\Users\user\Desktop\DirectXSamples\EmptyProject\DXUT\Core\DXUT.cpp(697,135): warning C4838: 'UINT'에서 'LONG'(으)로의 변환에는 축소 변환이 필요합니다.
C:\Users\user\Desktop\DirectXSamples\EmptyProject\DXUT\Core\DXUT.cpp(697,195): warning C4838: 'UINT'에서 'LONG'(으)로의 변환에는 축소 변환이 필요합니다.
C:\Users\user\Desktop\DirectXSamples\EmptyProject\DXUT\Core\DXUT.cpp(4961,13): warning C4996: 'GetVersionExW': deprecated로 선언되었습니다.
  AfterImage.cpp
  BigEnemy.cpp
C:\Users\user\Desktop\DirectXSamples\EmptyProject\BigEnemy.cpp(66,17): warning C4244: '=': 'double'에서 'float'(으)로 변환하면서 데이터가 손실될 수 있습니다.
  BulletExplosionEffect.cpp
  CameraManager.cpp
C:\Users\user\Desktop\DirectXSamples\EmptyProject\CameraManager.cpp(17,51): warning C4244: '인수': 'int'에서 'FLOAT'(으)로 변환하면서 데이터가 손실될 수 있습니다.
C:\Users\user\Desktop\DirectXSamples\EmptyProject\CameraManager.cpp(17,33): warning C4244: '인수': 'int'에서 'FLOAT'(으)로 변환하면서 데이터가 손실될 수 있습니다.
C:\Users\user\Desktop\DirectXSamples\EmptyProject\CameraManager.cpp(20): warning C4238: 비표준 확장이 사용됨: 클래스 rvalue를 lvalue로 사용했습니다.
C:\Users\user\Desktop\DirectXSamples\EmptyProject\CameraManager.cpp(20,39): warning C4238: 비표준 확장이 사용됨: 클래스 rvalue를 lvalue로 사용했습니다.
C:\Users\user\Desktop\DirectXSamples\EmptyProject\CameraManager.cpp(20,72): warning C4238: 비표준 확장이 사용됨: 클래스 rvalue를 lvalue로 사용했습니다.
C:\Users\user\Desktop\DirectXSamples\EmptyProject\CameraManager.cpp(20,106): warning C4238: 비표준 확장이 사용됨: 클래스 rvalue를 lvalue로 사용했습니다.
  ClearUi.cpp
  DXUTenum.cpp
  DXUTmisc.cpp
C:\Users\user\Desktop\DirectXSamples\EmptyProject\DXUT\Core\DXUTmisc.cpp(1263,13): warning C4996: 'GetVersionExA': deprecated로 선언되었습니다.
  DXUTcamera.cpp
  DXUTgui.cpp
C:\Users\user\Desktop\DirectXSamples\EmptyProject\DXUT\Optional\DXUTgui.cpp(6846,37): warning C4458: 'iTexture' 선언은 클래스 멤버를 숨깁니다.
C:\Users\user\Desktop\DirectXSamples\EmptyProject\DXUT\Optional\DXUTgui.h(109,10): message : 'CDXUTElement::iTexture' 선언을 참조하십시오.
C:\Users\user\Desktop\DirectXSamples\EmptyProject\DXUT\Optional\DXUTgui.cpp(6860,34): warning C4458: 'iFont' 선언은 클래스 멤버를 숨깁니다.
C:\Users\user\Desktop\DirectXSamples\EmptyProject\DXUT\Optional\DXUTgui.h(110,10): message : 'CDXUTElement::iFont' 선언을 참조하십시오.
C:\Users\user\Desktop\DirectXSamples\EmptyProject\DXUT\Optional\DXUTgui.cpp(6860,74): warning C4458: 'dwTextFormat' 선언은 클래스 멤버를 숨깁니다.
C:\Users\user\Desktop\DirectXSamples\EmptyProject\DXUT\Optional\DXUTgui.h(111,11): message : 'CDXUTElement::dwTextFormat' 선언을 참조하십시오.
  DXUTres.cpp
  DXUTsettingsdlg.cpp
  SDKmesh.cpp
  SDKmisc.cpp
  EmptyProject.cpp
  EnemyAfterImage.cpp
  EnemyDeadEffect.cpp
  ExplosionBullet.cpp
C:\Users\user\Desktop\DirectXSamples\EmptyProject\ExplosionBullet.cpp(18,17): warning C4244: '=': 'double'에서 'float'(으)로 변환하면서 데이터가 손실될 수 있습니다.
C:\Users\user\Desktop\DirectXSamples\EmptyProject\ExplosionBullet.cpp(33,16): warning C4244: '인수': 'int'에서 'FLOAT'(으)로 변환하면서 데이터가 손실될 수 있습니다.
  FlashEffect.cpp
  FlashEnemy.cpp
C:\Users\user\Desktop\DirectXSamples\EmptyProject\FlashEnemy.cpp(71,17): warning C4244: '=': 'double'에서 'float'(으)로 변환하면서 데이터가 손실될 수 있습니다.
  Hp.cpp
  컴파일하고 있습니다...
  HpItem.cpp
  HpItemGetEffect.cpp
  ImageManager.cpp
C:\Users\user\Desktop\DirectXSamples\EmptyProject\ImageManager.cpp(89,83): warning C4244: '인수': 'UINT'에서 'FLOAT'(으)로 변환하면서 데이터가 손실될 수 있습니다.
C:\Users\user\Desktop\DirectXSamples\EmptyProject\ImageManager.cpp(89,54): warning C4244: '인수': 'UINT'에서 'FLOAT'(으)로 변환하면서 데이터가 손실될 수 있습니다.
C:\Users\user\Desktop\DirectXSamples\EmptyProject\ImageManager.cpp(103,28): warning C4244: '인수': 'float'에서 'INT'(으)로 변환하면서 데이터가 손실될 수 있습니다.
C:\Users\user\Desktop\DirectXSamples\EmptyProject\ImageManager.cpp(123,6): warning C4245: '인수': 'int'에서 'DWORD'(으)로의 변환입니다. signed 또는 unsigned가 일치하지 않습니다.
C:\Users\user\Desktop\DirectXSamples\EmptyProject\ImageManager.cpp(123,6): warning C4245: '인수': 'int'에서 'UINT'(으)로의 변환입니다. signed 또는 unsigned가 일치하지 않습니다.
C:\Users\user\Desktop\DirectXSamples\EmptyProject\ImageManager.cpp(121,3): warning C4996: 'sprintf': This function or variable may be unsafe. Consider using sprintf_s instead. To disable deprecation, use _CRT_SECURE_NO_WARNINGS. See online help for details.
C:\Users\user\Desktop\DirectXSamples\EmptyProject\ImageManager.cpp(157,7): warning C4245: '인수': 'int'에서 'DWORD'(으)로의 변환입니다. signed 또는 unsigned가 일치하지 않습니다.
C:\Users\user\Desktop\DirectXSamples\EmptyProject\ImageManager.cpp(157,7): warning C4245: '인수': 'int'에서 'UINT'(으)로의 변환입니다. signed 또는 unsigned가 일치하지 않습니다.
C:\Users\user\Desktop\DirectXSamples\EmptyProject\ImageManager.cpp(155,4): warning C4996: 'sprintf': This function or variable may be unsafe. Consider using sprintf_s instead. To disable deprecation, use _CRT_SECURE_NO_WARNINGS. See online help for details.
  InvinItemGetEffect.cpp
  InvincibleItem.cpp
  MainGame.cpp
C:\Users\user\Desktop\DirectXSamples\EmptyProject\MainGame.cpp(18,12): warning C4244: '인수': 'time_t'에서 'unsigned int'(으)로 변환하면서 데이터가 손실될 수 있습니다.
  NormalBullet.cpp
C:\Users\user\Desktop\DirectXSamples\EmptyProject\NormalBullet.cpp(17,17): warning C4244: '=': 'double'에서 'float'(으)로 변환하면서 데이터가 손실될 수 있습니다.
C:\Users\user\Desktop\DirectXSamples\EmptyProject\NormalBullet.cpp(25,16): warning C4244: '인수': 'int'에서 'FLOAT'(으)로 변환하면서 데이터가 손실될 수 있습니다.
  Object.cpp
  ObjectManager.cpp
  Player.cpp
C:\Users\user\Desktop\DirectXSamples\EmptyProject\Player.cpp(158,17): warning C4244: '=': 'float'에서 'int'(으)로 변환하면서 데이터가 손실될 수 있습니다.
C:\Users\user\Desktop\DirectXSamples\EmptyProject\Player.cpp(172,38): warning C4244: '인수': 'FLOAT'에서 'int'(으)로 변환하면서 데이터가 손실될 수 있습니다.
C:\Users\user\Desktop\DirectXSamples\EmptyProject\Player.cpp(172,29): warning C4244: '인수': 'FLOAT'에서 'int'(으)로 변환하면서 데이터가 손실될 수 있습니다.
C:\Users\user\Desktop\DirectXSamples\EmptyProject\Player.cpp(189,17): warning C4244: '=': 'float'에서 'int'(으)로 변환하면서 데이터가 손실될 수 있습니다.
C:\Users\user\Desktop\DirectXSamples\EmptyProject\Player.cpp(203,38): warning C4244: '인수': 'FLOAT'에서 'int'(으)로 변환하면서 데이터가 손실될 수 있습니다.
C:\Users\user\Desktop\DirectXSamples\EmptyProject\Player.cpp(203,29): warning C4244: '인수': 'FLOAT'에서 'int'(으)로 변환하면서 데이터가 손실될 수 있습니다.
C:\Users\user\Desktop\DirectXSamples\EmptyProject\Player.cpp(220,17): warning C4244: '=': 'float'에서 'int'(으)로 변환하면서 데이터가 손실될 수 있습니다.
C:\Users\user\Desktop\DirectXSamples\EmptyProject\Player.cpp(234,37): warning C4244: '인수': 'FLOAT'에서 'int'(으)로 변환하면서 데이터가 손실될 수 있습니다.
C:\Users\user\Desktop\DirectXSamples\EmptyProject\Player.cpp(234,26): warning C4244: '인수': 'FLOAT'에서 'int'(으)로 변환하면서 데이터가 손실될 수 있습니다.
C:\Users\user\Desktop\DirectXSamples\EmptyProject\Player.cpp(251,17): warning C4244: '=': 'float'에서 'int'(으)로 변환하면서 데이터가 손실될 수 있습니다.
C:\Users\user\Desktop\DirectXSamples\EmptyProject\Player.cpp(265,37): warning C4244: '인수': 'FLOAT'에서 'int'(으)로 변환하면서 데이터가 손실될 수 있습니다.
C:\Users\user\Desktop\DirectXSamples\EmptyProject\Player.cpp(265,26): warning C4244: '인수': 'FLOAT'에서 'int'(으)로 변환하면서 데이터가 손실될 수 있습니다.
  PlayerDeadUi.cpp
  PlayerHit.cpp
  PlayerHitEffect.cpp
  ReturnBullet.cpp
C:\Users\user\Desktop\DirectXSamples\EmptyProject\ReturnBullet.cpp(20,17): warning C4244: '=': 'double'에서 'float'(으)로 변환하면서 데이터가 손실될 수 있습니다.
C:\Users\user\Desktop\DirectXSamples\EmptyProject\ReturnBullet.cpp(37,17): warning C4244: '인수': 'int'에서 'FLOAT'(으)로 변환하면서 데이터가 손실될 수 있습니다.
C:\Users\user\Desktop\DirectXSamples\EmptyProject\ReturnBullet.cpp(39,48): warning C4244: '인수': 'int'에서 'FLOAT'(으)로 변환하면서 데이터가 손실될 수 있습니다.
  Scene.cpp
  SceneManager.cpp
  ScoreBoard.cpp
  SouondManager.cpp
  SpeedEnemy.cpp
C:\Users\user\Desktop\DirectXSamples\EmptyProject\SpeedEnemy.cpp(59,33): warning C4244: '+=': 'FLOAT'에서 'int'(으)로 변환하면서 데이터가 손실될 수 있습니다.
C:\Users\user\Desktop\DirectXSamples\EmptyProject\SpeedEnemy.cpp(66,33): warning C4244: '+=': 'FLOAT'에서 'int'(으)로 변환하면서 데이터가 손실될 수 있습니다.
C:\Users\user\Desktop\DirectXSamples\EmptyProject\SpeedEnemy.cpp(70,17): warning C4244: '=': 'double'에서 'float'(으)로 변환하면서 데이터가 손실될 수 있습니다.
C:\Users\user\Desktop\DirectXSamples\EmptyProject\SpeedEnemy.cpp(85,18): warning C4244: '=': 'int'에서 'float'(으)로 변환하면서 데이터가 손실될 수 있습니다.
C:\Users\user\Desktop\DirectXSamples\EmptyProject\SpeedEnemy.cpp(88,15): warning C4244: '=': 'FLOAT'에서 'int'(으)로 변환하면서 데이터가 손실될 수 있습니다.
  SpeedItem.cpp
  컴파일하고 있습니다...
  SpeedItemGetEffect.cpp
  Stage.cpp
C:\Users\user\Desktop\DirectXSamples\EmptyProject\Stage.cpp(37,60): warning C4244: '인수': 'int'에서 'FLOAT'(으)로 변환하면서 데이터가 손실될 수 있습니다.
C:\Users\user\Desktop\DirectXSamples\EmptyProject\Stage.cpp(37,50): warning C4244: '인수': 'int'에서 'FLOAT'(으)로 변환하면서 데이터가 손실될 수 있습니다.
C:\Users\user\Desktop\DirectXSamples\EmptyProject\Stage.cpp(42,92): warning C4244: '인수': 'int'에서 'FLOAT'(으)로 변환하면서 데이터가 손실될 수 있습니다.
C:\Users\user\Desktop\DirectXSamples\EmptyProject\Stage.cpp(42,69): warning C4244: '인수': 'int'에서 'FLOAT'(으)로 변환하면서 데이터가 손실될 수 있습니다.
C:\Users\user\Desktop\DirectXSamples\EmptyProject\Stage.cpp(43,90): warning C4244: '인수': 'int'에서 'FLOAT'(으)로 변환하면서 데이터가 손실될 수 있습니다.
C:\Users\user\Desktop\DirectXSamples\EmptyProject\Stage.cpp(43,68): warning C4244: '인수': 'int'에서 'FLOAT'(으)로 변환하면서 데이터가 손실될 수 있습니다.
C:\Users\user\Desktop\DirectXSamples\EmptyProject\Stage.cpp(44,90): warning C4244: '인수': 'int'에서 'FLOAT'(으)로 변환하면서 데이터가 손실될 수 있습니다.
C:\Users\user\Desktop\DirectXSamples\EmptyProject\Stage.cpp(44,68): warning C4244: '인수': 'int'에서 'FLOAT'(으)로 변환하면서 데이터가 손실될 수 있습니다.
C:\Users\user\Desktop\DirectXSamples\EmptyProject\Stage.cpp(45,90): warning C4244: '인수': 'int'에서 'FLOAT'(으)로 변환하면서 데이터가 손실될 수 있습니다.
C:\Users\user\Desktop\DirectXSamples\EmptyProject\Stage.cpp(45,68): warning C4244: '인수': 'int'에서 'FLOAT'(으)로 변환하면서 데이터가 손실될 수 있습니다.
C:\Users\user\Desktop\DirectXSamples\EmptyProject\Stage.cpp(46,94): warning C4244: '인수': 'int'에서 'FLOAT'(으)로 변환하면서 데이터가 손실될 수 있습니다.
C:\Users\user\Desktop\DirectXSamples\EmptyProject\Stage.cpp(46,71): warning C4244: '인수': 'int'에서 'FLOAT'(으)로 변환하면서 데이터가 손실될 수 있습니다.
C:\Users\user\Desktop\DirectXSamples\EmptyProject\Stage.cpp(47,94): warning C4244: '인수': 'int'에서 'FLOAT'(으)로 변환하면서 데이터가 손실될 수 있습니다.
C:\Users\user\Desktop\DirectXSamples\EmptyProject\Stage.cpp(47,71): warning C4244: '인수': 'int'에서 'FLOAT'(으)로 변환하면서 데이터가 손실될 수 있습니다.
C:\Users\user\Desktop\DirectXSamples\EmptyProject\Stage.cpp(77,18): warning C4244: '=': 'int'에서 'FLOAT'(으)로 변환하면서 데이터가 손실될 수 있습니다.
C:\Users\user\Desktop\DirectXSamples\EmptyProject\Stage.cpp(78,18): warning C4244: '=': 'int'에서 'FLOAT'(으)로 변환하면서 데이터가 손실될 수 있습니다.
C:\Users\user\Desktop\DirectXSamples\EmptyProject\Stage.cpp(79,18): warning C4244: '=': 'int'에서 'FLOAT'(으)로 변환하면서 데이터가 손실될 수 있습니다.
C:\Users\user\Desktop\DirectXSamples\EmptyProject\Stage.cpp(80,18): warning C4244: '=': 'int'에서 'FLOAT'(으)로 변환하면서 데이터가 손실될 수 있습니다.
C:\Users\user\Desktop\DirectXSamples\EmptyProject\Stage.cpp(88,46): warning C4244: '인수': 'FLOAT'에서 'int'(으)로 변환하면서 데이터가 손실될 수 있습니다.
C:\Users\user\Desktop\DirectXSamples\EmptyProject\Stage.cpp(88,27): warning C4244: '인수': 'FLOAT'에서 'int'(으)로 변환하면서 데이터가 손실될 수 있습니다.
C:\Users\user\Desktop\DirectXSamples\EmptyProject\Stage.cpp(96,83): warning C4244: '인수': 'int'에서 'FLOAT'(으)로 변환하면서 데이터가 손실될 수 있습니다.
C:\Users\user\Desktop\DirectXSamples\EmptyProject\Stage.cpp(96,64): warning C4244: '인수': 'int'에서 'FLOAT'(으)로 변환하면서 데이터가 손실될 수 있습니다.
C:\Users\user\Desktop\DirectXSamples\EmptyProject\Stage.cpp(99,77): warning C4244: '인수': 'int'에서 'FLOAT'(으)로 변환하면서 데이터가 손실될 수 있습니다.
C:\Users\user\Desktop\DirectXSamples\EmptyProject\Stage.cpp(99,58): warning C4244: '인수': 'int'에서 'FLOAT'(으)로 변환하면서 데이터가 손실될 수 있습니다.
C:\Users\user\Desktop\DirectXSamples\EmptyProject\Stage.cpp(102,93): warning C4244: '인수': 'int'에서 'FLOAT'(으)로 변환하면서 데이터가 손실될 수 있습니다.
C:\Users\user\Desktop\DirectXSamples\EmptyProject\Stage.cpp(102,74): warning C4244: '인수': 'int'에서 'FLOAT'(으)로 변환하면서 데이터가 손실될 수 있습니다.
C:\Users\user\Desktop\DirectXSamples\EmptyProject\Stage.cpp(141,95): warning C4244: '인수': 'int'에서 'FLOAT'(으)로 변환하면서 데이터가 손실될 수 있습니다.
C:\Users\user\Desktop\DirectXSamples\EmptyProject\Stage.cpp(141,72): warning C4244: '인수': 'int'에서 'FLOAT'(으)로 변환하면서 데이터가 손실될 수 있습니다.
C:\Users\user\Desktop\DirectXSamples\EmptyProject\Stage.cpp(142,95): warning C4244: '인수': 'int'에서 'FLOAT'(으)로 변환하면서 데이터가 손실될 수 있습니다.
C:\Users\user\Desktop\DirectXSamples\EmptyProject\Stage.cpp(142,72): warning C4244: '인수': 'int'에서 'FLOAT'(으)로 변환하면서 데이터가 손실될 수 있습니다.
C:\Users\user\Desktop\DirectXSamples\EmptyProject\Stage.cpp(143,95): warning C4244: '인수': 'int'에서 'FLOAT'(으)로 변환하면서 데이터가 손실될 수 있습니다.
C:\Users\user\Desktop\DirectXSamples\EmptyProject\Stage.cpp(143,72): warning C4244: '인수': 'int'에서 'FLOAT'(으)로 변환하면서 데이터가 손실될 수 있습니다.
  Stage1Boss.cpp
C:\Users\user\Desktop\DirectXSamples\EmptyProject\Stage1Boss.cpp(44,96): warning C4244: '인수': 'int'에서 'FLOAT'(으)로 변환하면서 데이터가 손실될 수 있습니다.
C:\Users\user\Desktop\DirectXSamples\EmptyProject\Stage1Boss.cpp(44,77): warning C4244: '인수': 'int'에서 'FLOAT'(으)로 변환하면서 데이터가 손실될 수 있습니다.
C:\Users\user\Desktop\DirectXSamples\EmptyProject\Stage1Boss.cpp(85,17): warning C4244: '=': 'double'에서 'float'(으)로 변환하면서 데이터가 손실될 수 있습니다.
  Stage1BossExplosion.cpp
  Stage1Explosion.cpp
  Stage2Boss.cpp
C:\Users\user\Desktop\DirectXSamples\EmptyProject\Stage2Boss.cpp(44,96): warning C4244: '인수': 'int'에서 'FLOAT'(으)로 변환하면서 데이터가 손실될 수 있습니다.
C:\Users\user\Desktop\DirectXSamples\EmptyProject\Stage2Boss.cpp(44,77): warning C4244: '인수': 'int'에서 'FLOAT'(으)로 변환하면서 데이터가 손실될 수 있습니다.
C:\Users\user\Desktop\DirectXSamples\EmptyProject\Stage2Boss.cpp(82,17): warning C4244: '=': 'double'에서 'float'(으)로 변환하면서 데이터가 손실될 수 있습니다.
C:\Users\user\Desktop\DirectXSamples\EmptyProject\Stage2Boss.cpp(154,83): warning C4244: '인수': 'double'에서 'FLOAT'(으)로 변환하면서 데이터가 손실될 수 있습니다.
C:\Users\user\Desktop\DirectXSamples\EmptyProject\Stage2Boss.cpp(154,64): warning C4244: '인수': 'double'에서 'FLOAT'(으)로 변환하면서 데이터가 손실될 수 있습니다.
  Stage2BossExplosion.cpp
  StopBullet.cpp
C:\Users\user\Desktop\DirectXSamples\EmptyProject\StopBullet.cpp(20,17): warning C4244: '=': 'double'에서 'float'(으)로 변환하면서 데이터가 손실될 수 있습니다.
C:\Users\user\Desktop\DirectXSamples\EmptyProject\StopBullet.cpp(39,17): warning C4244: '인수': 'int'에서 'FLOAT'(으)로 변환하면서 데이터가 손실될 수 있습니다.
  Title.cpp
  TpEffect.cpp
  TpEnemy.cpp
C:\Users\user\Desktop\DirectXSamples\EmptyProject\TpEnemy.cpp(47,18): warning C4244: '=': 'double'에서 'float'(으)로 변환하면서 데이터가 손실될 수 있습니다.
  World.cpp
  코드를 생성하고 있습니다.
  4 of 1888 functions ( 0.2%) were compiled, the rest were copied from previous compilation.
    0 functions were new in current compilation
    13 functions had inline decision re-evaluated but remain unchanged
  코드를 생성했습니다.
  EmptyProject_2010.vcxproj -> C:\Users\user\Desktop\DirectXSamples\EmptyProject\Release\EmptyProject.exe
